2025-03-21 08:27:30,902 - INFO - Connecting to Deriv API...
2025-03-21 08:27:33,660 - INFO - API authorized successfully.
2025-03-21 08:27:34,029 - INFO - Updated balance: 9994.14 USDT; Fixed stake: 99.94 USDT
2025-03-21 08:27:34,029 - INFO - Model warming up. Waiting for sufficient training iterations before trading...
2025-03-21 08:27:46,442 - ERROR - Failed to fetch training data for model update.
2025-03-21 08:28:34,037 - INFO - Model warming up. Waiting for sufficient training iterations before trading...
2025-03-21 08:28:50,766 - ERROR - Failed to fetch training data for model update.
2025-03-21 08:29:34,053 - INFO - Model warming up. Waiting for sufficient training iterations before trading...
2025-03-21 08:29:55,639 - ERROR - Failed to fetch training data for model update.
2025-03-21 08:30:34,058 - INFO - Model warming up. Waiting for sufficient training iterations before trading...
2025-03-21 08:30:59,859 - ERROR - Failed to fetch training data for model update.
2025-03-21 08:31:34,066 - INFO - Model warming up. Waiting for sufficient training iterations before trading...
2025-03-21 08:32:05,617 - ERROR - Failed to fetch training data for model update.
2025-03-21 08:32:34,079 - INFO - Model warming up. Waiting for sufficient training iterations before trading...
2025-03-21 08:33:10,663 - ERROR - Failed to fetch training data for model update.
2025-03-21 08:33:34,077 - INFO - Model warming up. Waiting for sufficient training iterations before trading...
2025-03-21 08:34:00,175 - INFO - Connecting to Deriv API...
2025-03-21 08:34:02,291 - INFO - API authorized successfully.
2025-03-21 08:34:02,634 - INFO - Updated balance: 9988.14 USDT; Fixed stake: 99.88 USDT
2025-03-21 08:34:02,634 - INFO - Model warming up. Waiting for sufficient training iterations before trading...
2025-03-21 08:34:13,599 - ERROR - Failed to fetch training data for model update.
2025-03-21 08:35:02,655 - INFO - Model warming up. Waiting for sufficient training iterations before trading...
2025-03-21 08:35:17,572 - ERROR - Failed to fetch training data for model update.
2025-03-21 08:36:02,662 - INFO - Model warming up. Waiting for sufficient training iterations before trading...
2025-03-21 08:36:22,185 - ERROR - Failed to fetch training data for model update.
2025-03-21 08:37:02,667 - INFO - Model warming up. Waiting for sufficient training iterations before trading...
2025-03-21 08:37:28,637 - ERROR - Failed to fetch training data for model update.
2025-03-21 08:38:02,672 - INFO - Model warming up. Waiting for sufficient training iterations before trading...
2025-03-21 08:38:33,362 - ERROR - Failed to fetch training data for model update.
2025-03-21 08:39:02,661 - INFO - Model warming up. Waiting for sufficient training iterations before trading...
2025-03-21 08:39:37,647 - ERROR - Failed to fetch training data for model update.
2025-03-21 08:40:02,675 - INFO - Model warming up. Waiting for sufficient training iterations before trading...
2025-03-21 08:40:42,757 - ERROR - Failed to fetch training data for model update.
2025-03-21 08:41:02,684 - INFO - Model warming up. Waiting for sufficient training iterations before trading...
2025-03-21 08:41:09,671 - INFO - Connecting to Deriv API...
2025-03-21 08:41:11,948 - INFO - API authorized successfully.
2025-03-21 08:41:12,326 - INFO - Updated balance: 9982.14 USDT; Fixed stake: 99.82 USDT
2025-03-21 08:41:12,326 - INFO - Model warming up. Waiting for sufficient training iterations before trading...
2025-03-21 08:41:14,864 - INFO - Added market regime features.
2025-03-21 08:41:14,872 - INFO - Data preprocessing complete with enhanced features.
2025-03-21 08:41:14,872 - INFO - Calibrated parameters for frxEURUSD: vol_threshold=0.008, confidence_threshold=0.55
2025-03-21 08:41:14,880 - INFO - Initializing online model with partial_fit using scaled features.
2025-03-21 08:41:14,896 - INFO - Training iteration: 1
